#
# A fatal error has been detected by the Java Runtime Environment:
#
#  EXCEPTION_ACCESS_VIOLATION (0xc0000005) at pc=0x000000006fc08d85, pid=4436, tid=7008
#
# JRE version: Java(TM) SE Runtime Environment (8.0_77-b03) (build 1.8.0_77-b03)
# Java VM: Java HotSpot(TM) 64-Bit Server VM (25.77-b03 mixed mode windows-amd64 compressed oops)
# Problematic frame:
# V  [jvm.dll+0x128d85]
#
# Failed to write core dump. Minidumps are not enabled by default on client versions of Windows
#
# If you would like to submit a bug report, please visit:
#   http://bugreport.java.com/bugreport/crash.jsp
#

---------------  T H R E A D  ---------------

Current thread (0x00000000170ba800):  JavaThread "JDWP Transport Listener: dt_socket" daemon [_thread_in_vm, id=7008, stack(0x00000000186e0000,0x00000000187e0000)]

siginfo: ExceptionCode=0xc0000005, reading address 0xffffffffffffffff

Registers:
RAX=0x00000000187df201, RBX=0x00000000170ba800, RCX=0x40407dcde000003b, RDX=0x0000000000000000
RSP=0x00000000187df260, RBP=0x40407dcde000003b, RSI=0x00000000187df378, RDI=0x0000000002459cb0
R8 =0x00000000170ba800, R9 =0x0000000000000000, R10=0x0000000000000000, R11=0x0000000000000064
R12=0x0000000000000000, R13=0x00000000170c3b68, R14=0x0000000000000000, R15=0x0000000000000000
RIP=0x000000006fc08d85, EFLAGS=0x0000000000010202

Top of Stack: (sp=0x00000000187df260)
0x00000000187df260:   00000000170ba800 00000000170ba800
0x00000000187df270:   00000000187df328 000000006fe0e33b
0x00000000187df280:   00000000170ba800 000000006fe2ab9d
0x00000000187df290:   0000000000000000 000000006fa09155
0x00000000187df2a0:   0000000018d4db38 000000006fa1291e
0x00000000187df2b0:   00000000170ba800 0000000000000000
0x00000000187df2c0:   0000000000000000 0000000000000000
0x00000000187df2d0:   40407dcde000003b 000000006fa11a15
0x00000000187df2e0:   00000000187df378 00000000187df350
0x00000000187df2f0:   0000000000000001 0000000018d4db38
0x00000000187df300:   40407dcde000003b 000000006f9f53b3
0x00000000187df310:   00000000187df440 0000000000000001
0x00000000187df320:   0000000000000001 0000000018d4db38
0x00000000187df330:   00000000f000100a 0000000000000000
0x00000000187df340:   0000000000000000 0000000000000000
0x00000000187df350:   0000000000000001 000000006f9f5571 

Instructions: (pc=0x000000006fc08d85)
0x000000006fc08d65:   cc cc cc cc cc cc cc cc cc cc cc 48 83 ec 28 48
0x000000006fc08d75:   85 c9 75 07 33 c0 48 83 c4 28 c3 48 89 5c 24 20
0x000000006fc08d85:   48 8b 19 48 85 db 74 20 48 83 fb 37 74 1a 48 8b
0x000000006fc08d95:   13 48 8b cb ff 52 10 84 c0 74 0d 48 8b c3 48 8b 


Register to memory mapping:

RAX=0x00000000187df201 is pointing into the stack for thread: 0x00000000170ba800
RBX=0x00000000170ba800 is a thread
RCX=0x40407dcde000003b is an unknown value
RDX=0x0000000000000000 is an unknown value
RSP=0x00000000187df260 is pointing into the stack for thread: 0x00000000170ba800
RBP=0x40407dcde000003b is an unknown value
RSI=0x00000000187df378 is pointing into the stack for thread: 0x00000000170ba800
RDI=0x0000000002459cb0 is an unknown value
R8 =0x00000000170ba800 is a thread
R9 =0x0000000000000000 is an unknown value
R10=0x0000000000000000 is an unknown value
R11=0x0000000000000064 is an unknown value
R12=0x0000000000000000 is an unknown value
R13=0x00000000170c3b68 is an unknown value
R14=0x0000000000000000 is an unknown value
R15=0x0000000000000000 is an unknown value


Stack: [0x00000000186e0000,0x00000000187e0000],  sp=0x00000000187df260,  free space=1020k
Native frames: (J=compiled Java code, j=interpreted, Vv=VM code, C=native code)
V  [jvm.dll+0x128d85]
V  [jvm.dll+0x34ab9d]
C  [jdwp.dll+0x21a15]
C  [jdwp.dll+0x53b3]
C  [jdwp.dll+0x5571]
C  [jdwp.dll+0xf0a8]
C  [jdwp.dll+0x1f2d5]
C  [jdwp.dll+0x1f4aa]
V  [jvm.dll+0x1bba58]
V  [jvm.dll+0x243434]
V  [jvm.dll+0x29a27a]
C  [msvcr100.dll+0x21d9f]
C  [msvcr100.dll+0x21e3b]
C  [KERNEL32.DLL+0x18102]
C  [ntdll.dll+0x5c5b4]


---------------  P R O C E S S  ---------------

Java Threads: ( => current thread )
  0x000000001710d800 JavaThread "Service Thread" daemon [_thread_blocked, id=2836, stack(0x00000000190e0000,0x00000000191e0000)]
  0x00000000170e0000 JavaThread "C1 CompilerThread2" daemon [_thread_blocked, id=6668, stack(0x0000000018be0000,0x0000000018ce0000)]
  0x00000000170de000 JavaThread "C2 CompilerThread1" daemon [_thread_blocked, id=6700, stack(0x0000000018ae0000,0x0000000018be0000)]
  0x00000000170d7800 JavaThread "C2 CompilerThread0" daemon [_thread_blocked, id=6000, stack(0x00000000189e0000,0x0000000018ae0000)]
  0x00000000170cb800 JavaThread "JDWP Command Reader" daemon [_thread_in_native, id=6476, stack(0x00000000188e0000,0x00000000189e0000)]
  0x00000000170c6800 JavaThread "JDWP Event Helper Thread" daemon [_thread_blocked, id=7024, stack(0x00000000187e0000,0x00000000188e0000)]
=>0x00000000170ba800 JavaThread "JDWP Transport Listener: dt_socket" daemon [_thread_in_vm, id=7008, stack(0x00000000186e0000,0x00000000187e0000)]
  0x00000000170b1800 JavaThread "Attach Listener" daemon [_thread_blocked, id=7036, stack(0x00000000185e0000,0x00000000186e0000)]
  0x00000000170b0000 JavaThread "Signal Dispatcher" daemon [_thread_blocked, id=7000, stack(0x00000000184e0000,0x00000000185e0000)]
  0x000000001709a800 JavaThread "Finalizer" daemon [_thread_blocked, id=2628, stack(0x0000000018300000,0x0000000018400000)]
  0x0000000002570000 JavaThread "Reference Handler" daemon [_thread_blocked, id=6992, stack(0x0000000018200000,0x0000000018300000)]
  0x000000000245e000 JavaThread "main" [_thread_blocked, id=7064, stack(0x00000000022e0000,0x00000000023e0000)]

Other Threads:
  0x0000000017077800 VMThread [stack: 0x0000000018100000,0x0000000018200000] [id=7132]
  0x00000000170e5000 WatcherThread [stack: 0x00000000191e0000,0x00000000192e0000] [id=4588]

VM state:not at safepoint (normal execution)

VM Mutex/Monitor currently owned by a thread: None

Heap:
 PSYoungGen      total 38400K, used 4001K [0x00000000d5f00000, 0x00000000d8980000, 0x0000000100000000)
  eden space 33280K, 12% used [0x00000000d5f00000,0x00000000d62e8710,0x00000000d7f80000)
  from space 5120K, 0% used [0x00000000d8480000,0x00000000d8480000,0x00000000d8980000)
  to   space 5120K, 0% used [0x00000000d7f80000,0x00000000d7f80000,0x00000000d8480000)
 ParOldGen       total 87552K, used 0K [0x0000000081c00000, 0x0000000087180000, 0x00000000d5f00000)
  object space 87552K, 0% used [0x0000000081c00000,0x0000000081c00000,0x0000000087180000)
 Metaspace       used 4751K, capacity 4878K, committed 4992K, reserved 1056768K
  class space    used 552K, capacity 606K, committed 640K, reserved 1048576K

Card table byte_map: [0x0000000011940000,0x0000000011d40000] byte_map_base: 0x0000000011532000

Marking Bits: (ParMarkBitMap*) 0x00000000702f0600
 Begin Bits: [0x00000000123f0000, 0x0000000014380000)
 End Bits:   [0x0000000014380000, 0x0000000016310000)

Polling page: 0x0000000000440000

CodeCache: size=245760Kb used=1636Kb max_used=1636Kb free=244123Kb
 bounds [0x0000000002580000, 0x00000000027f0000, 0x0000000011580000]
 total_blobs=554 nmethods=295 adapters=180
 compilation: enabled

Compilation events (10 events):
Event: 3.767 Thread 0x00000000170e0000  287       3       java.lang.String::toCharArray (25 bytes)
Event: 3.767 Thread 0x00000000170e0000 nmethod 287 0x0000000002716150 code [0x00000000027162c0, 0x0000000002716548]
Event: 3.767 Thread 0x00000000170e0000  288       3       java.lang.String::indexOf (7 bytes)
Event: 3.767 Thread 0x00000000170e0000 nmethod 288 0x0000000002716610 code [0x0000000002716780, 0x0000000002716a28]
Event: 3.767 Thread 0x00000000170e0000  289       3       java.util.concurrent.ConcurrentHashMap::addCount (292 bytes)
Event: 3.769 Thread 0x00000000170e0000 nmethod 289 0x0000000002716f50 code [0x0000000002717160, 0x0000000002717d48]
Event: 3.769 Thread 0x00000000170e0000  292       1       java.lang.invoke.MethodTypeForm::basicType (5 bytes)
Event: 3.769 Thread 0x00000000170e0000 nmethod 292 0x0000000002718190 code [0x00000000027182e0, 0x00000000027183f0]
Event: 3.774 Thread 0x00000000170e0000  295       3       java.lang.invoke.MemberName::initResolved (53 bytes)
Event: 3.774 Thread 0x00000000170e0000 nmethod 295 0x0000000002718750 code [0x00000000027188a0, 0x0000000002718a70]

GC Heap History (0 events):
No events

Deoptimization events (0 events):
No events

Internal exceptions (8 events):
Event: 0.043 Thread 0x000000000245e000 Exception <a 'java/lang/NoSuchMethodError': Method sun.misc.Unsafe.defineClass(Ljava/lang/String;[BII)Ljava/lang/Class; name or signature does not match> (0x00000000d5f07cc0) thrown at [D:\re\workspace\8-2-build-windows-amd64-cygwin\jdk8u77\6540\hotspot\sr³³	,1¦?
Event: 0.043 Thread 0x000000000245e000 Exception <a 'java/lang/NoSuchMethodError': Method sun.misc.Unsafe.prefetchRead(Ljava/lang/Object;J)V name or signature does not match> (0x00000000d5f07fa8) thrown at [D:\re\workspace\8-2-build-windows-amd64-cygwin\jdk8u77\6540\hotspot\src\share\vm\prims\j7Ni‹É«É?
Event: 0.201 Thread 0x000000000245e000 Exception <a 'java/security/PrivilegedActionException'> (0x00000000d61108c8) thrown at [D:\re\workspace\8-2-build-windows-amd64-cygwin\jdk8u77\6540\hotspot\src\share\vm\prims\jvm.cpp, line 1386]
Event: 0.201 Thread 0x000000000245e000 Exception <a 'java/security/PrivilegedActionException'> (0x00000000d6110cc0) thrown at [D:\re\workspace\8-2-build-windows-amd64-cygwin\jdk8u77\6540\hotspot\src\share\vm\prims\jvm.cpp, line 1386]
Event: 0.201 Thread 0x000000000245e000 Exception <a 'java/security/PrivilegedActionException'> (0x00000000d6114cf0) thrown at [D:\re\workspace\8-2-build-windows-amd64-cygwin\jdk8u77\6540\hotspot\src\share\vm\prims\jvm.cpp, line 1386]
Event: 0.201 Thread 0x000000000245e000 Exception <a 'java/security/PrivilegedActionException'> (0x00000000d61150e8) thrown at [D:\re\workspace\8-2-build-windows-amd64-cygwin\jdk8u77\6540\hotspot\src\share\vm\prims\jvm.cpp, line 1386]
Event: 3.726 Thread 0x000000000245e000 Exception <a 'java/lang/NoSuchFieldError': method resolution failed> (0x00000000d62057a0) thrown at [D:\re\workspace\8-2-build-windows-amd64-cygwin\jdk8u77\6540\hotspot\src\share\vm\prims\methodHandles.cpp, line 1146]
Event: 3.737 Thread 0x000000000245e000 Exception <a 'java/lang/NoSuchFieldError': method resolution failed> (0x00000000d6212ba0) thrown at [D:\re\workspace\8-2-build-windows-amd64-cygwin\jdk8u77\6540\hotspot\src\share\vm\prims\methodHandles.cpp, line 1146]

Events (10 events):
Event: 76.924 Executing VM operation: GetOrSetLocal
Event: 76.924 Executing VM operation: GetOrSetLocal done
Event: 110.332 Executing VM operation: ChangeBreakpoints
Event: 110.332 Executing VM operation: ChangeBreakpoints done
Event: 110.335 Executing VM operation: ChangeBreakpoints
Event: 110.335 Executing VM operation: ChangeBreakpoints done
Event: 127.626 Executing VM operation: ChangeBreakpoints
Event: 127.626 Executing VM operation: ChangeBreakpoints done
Event: 153.090 Executing VM operation: RedefineClasses
Event: 153.092 Executing VM operation: RedefineClasses done


Dynamic libraries:
0x00007ff787a30000 - 0x00007ff787a67000 	C:\Program Files\Java\jdk1.8.0_77\bin\java.exe
0x00007ffac8050000 - 0x00007ffac8211000 	C:\Windows\SYSTEM32\ntdll.dll
0x00007ffac7a50000 - 0x00007ffac7afd000 	C:\Windows\system32\KERNEL32.DLL
0x00007ffac48d0000 - 0x00007ffac4ab8000 	C:\Windows\system32\KERNELBASE.dll
0x00007ffac7d00000 - 0x00007ffac7da7000 	C:\Windows\system32\ADVAPI32.dll
0x00007ffac5bd0000 - 0x00007ffac5c6d000 	C:\Windows\system32\msvcrt.dll
0x00007ffac5830000 - 0x00007ffac588b000 	C:\Windows\system32\sechost.dll
0x00007ffac55b0000 - 0x00007ffac56cc000 	C:\Windows\system32\RPCRT4.dll
0x00007ffac56d0000 - 0x00007ffac5826000 	C:\Windows\system32\USER32.dll
0x00007ffac7db0000 - 0x00007ffac7f36000 	C:\Windows\system32\GDI32.dll
0x00007ffab1580000 - 0x00007ffab17f4000 	C:\Windows\WinSxS\amd64_microsoft.windows.common-controls_6595b64144ccf1df_6.0.10586.0_none_8c15ae12515e1c22\COMCTL32.dll
0x00007ffac58a0000 - 0x00007ffac5b1d000 	C:\Windows\system32\combase.dll
0x00007ffac53e0000 - 0x00007ffac544a000 	C:\Windows\system32\bcryptPrimitives.dll
0x00007ffac5b90000 - 0x00007ffac5bcb000 	C:\Windows\system32\IMM32.DLL
0x0000000070370000 - 0x0000000070442000 	C:\Program Files\Java\jdk1.8.0_77\jre\bin\msvcr100.dll
0x000000006fae0000 - 0x0000000070370000 	C:\Program Files\Java\jdk1.8.0_77\jre\bin\server\jvm.dll
0x00007ffac5450000 - 0x00007ffac5458000 	C:\Windows\system32\PSAPI.DLL
0x00007ffab3e20000 - 0x00007ffab3e29000 	C:\Windows\SYSTEM32\WSOCK32.dll
0x00007ffac2cd0000 - 0x00007ffac2cf3000 	C:\Windows\SYSTEM32\WINMM.dll
0x00007ffab4b30000 - 0x00007ffab4b3a000 	C:\Windows\SYSTEM32\VERSION.dll
0x00007ffac2bc0000 - 0x00007ffac2bec000 	C:\Windows\SYSTEM32\WINMMBASE.dll
0x00007ffac7390000 - 0x00007ffac73fb000 	C:\Windows\system32\WS2_32.dll
0x00007ffac5130000 - 0x00007ffac5173000 	C:\Windows\system32\cfgmgr32.dll
0x000000006fad0000 - 0x000000006fadf000 	C:\Program Files\Java\jdk1.8.0_77\jre\bin\verify.dll
0x000000006faa0000 - 0x000000006fac9000 	C:\Program Files\Java\jdk1.8.0_77\jre\bin\java.dll
0x000000006f9f0000 - 0x000000006fa25000 	C:\Program Files\Java\jdk1.8.0_77\jre\bin\jdwp.dll
0x000000006f9e0000 - 0x000000006f9e8000 	C:\Program Files\Java\jdk1.8.0_77\jre\bin\npt.dll
0x000000006fa80000 - 0x000000006fa96000 	C:\Program Files\Java\jdk1.8.0_77\jre\bin\zip.dll
0x00007ffac5e30000 - 0x00007ffac738c000 	C:\Windows\system32\SHELL32.dll
0x00007ffac4ac0000 - 0x00007ffac5105000 	C:\Windows\system32\windows.storage.dll
0x00007ffac5c70000 - 0x00007ffac5cc2000 	C:\Windows\system32\shlwapi.dll
0x00007ffac46e0000 - 0x00007ffac46ef000 	C:\Windows\system32\kernel.appcore.dll
0x00007ffac5230000 - 0x00007ffac52e5000 	C:\Windows\system32\shcore.dll
0x00007ffac4670000 - 0x00007ffac46bb000 	C:\Windows\system32\powrprof.dll
0x00007ffac46c0000 - 0x00007ffac46d4000 	C:\Windows\system32\profapi.dll
0x000000006f9d0000 - 0x000000006f9d9000 	C:\Program Files\Java\jdk1.8.0_77\jre\bin\dt_socket.dll
0x00007ffac3fa0000 - 0x00007ffac3ffc000 	C:\Windows\system32\mswsock.dll
0x00007ffac07f0000 - 0x00007ffac097c000 	C:\Windows\SYSTEM32\dbghelp.dll

VM Arguments:
jvm_args: -agentlib:jdwp=transport=dt_socket,address=127.0.0.1:51451,suspend=y,server=n -Dfile.encoding=UTF-8 
java_command: com._04_LogParser
java_class_path (initial): C:\Program Files\Java\jdk1.8.0_77\jre\lib\charsets.jar;C:\Program Files\Java\jdk1.8.0_77\jre\lib\deploy.jar;C:\Program Files\Java\jdk1.8.0_77\jre\lib\ext\access-bridge-64.jar;C:\Program Files\Java\jdk1.8.0_77\jre\lib\ext\cldrdata.jar;C:\Program Files\Java\jdk1.8.0_77\jre\lib\ext\dnsns.jar;C:\Program Files\Java\jdk1.8.0_77\jre\lib\ext\jaccess.jar;C:\Program Files\Java\jdk1.8.0_77\jre\lib\ext\jfxrt.jar;C:\Program Files\Java\jdk1.8.0_77\jre\lib\ext\localedata.jar;C:\Program Files\Java\jdk1.8.0_77\jre\lib\ext\nashorn.jar;C:\Program Files\Java\jdk1.8.0_77\jre\lib\ext\sunec.jar;C:\Program Files\Java\jdk1.8.0_77\jre\lib\ext\sunjce_provider.jar;C:\Program Files\Java\jdk1.8.0_77\jre\lib\ext\sunmscapi.jar;C:\Program Files\Java\jdk1.8.0_77\jre\lib\ext\sunpkcs11.jar;C:\Program Files\Java\jdk1.8.0_77\jre\lib\ext\zipfs.jar;C:\Program Files\Java\jdk1.8.0_77\jre\lib\javaws.jar;C:\Program Files\Java\jdk1.8.0_77\jre\lib\jce.jar;C:\Program Files\Java\jdk1.8.0_77\jre\lib\jfr.jar;C:\Program Files\Java\jdk1.8.0_77\jre\lib\jfxswt.jar;C:\Program Files\Java\jdk1.8.0_77\jre\lib\jsse.jar;C:\Program Files\Java\jdk1.8.0_77\jre\lib\management-agent.jar;C:\Program Files\Java\jdk1.8.0_77\jre\lib\plugin.jar;C:\Program Files\Java\jdk1.8.0_77\jre\lib\resources.jar;C:\Program Files\Java\jdk1.8.0_77\jre\lib\rt.jar;D:\Razni\SoftUni\Advanced Java\Exam Preparation\15_November_2015\out\production\15_November_2015;C:\Program Files (x86)\JetBrains\IntelliJ IDEA Community Edition 2016.1.1\IntelliJ\IntelliJ IDEA Community Edition 2016.1.1\lib\idea_rt.jar
Launcher Type: SUN_STANDARD

Environment Variables:
PATH=C:\ProgramData\Oracle\Java\javapath;C:\Windows\system32;C:\Windows;C:\Windows\System32\Wbem;C:\Windows\System32\WindowsPowerShell\v1.0\;C:\Program Files\Intel\WiFi\bin\;C:\Program Files\Common Files\Intel\WirelessCommon\;C:\Program Files (x86)\Skype\Phone\;C:\Windows\system32\config\systemprofile\.dnx\bin;C:\Program Files\Microsoft DNX\Dnvm\;C:\Program Files\Microsoft SQL Server\130\Tools\Binn\
USERNAME=lili
OS=Windows_NT
PROCESSOR_IDENTIFIER=Intel64 Family 6 Model 78 Stepping 3, GenuineIntel



---------------  S Y S T E M  ---------------

OS: Windows 10.0 , 64 bit Build 10586 (10.0.10586.0)

CPU:total 4 (2 cores per cpu, 2 threads per core) family 6 model 78 stepping 3, cmov, cx8, fxsr, mmx, sse, sse2, sse3, ssse3, sse4.1, sse4.2, popcnt, avx, avx2, aes, clmul, erms, rtm, 3dnowpref, lzcnt, ht, tsc, tscinvbit, bmi1, bmi2, adx

Memory: 4k page, physical 8273412k(5137188k free), swap 9584132k(5701388k free)

vm_info: Java HotSpot(TM) 64-Bit Server VM (25.77-b03) for windows-amd64 JRE (1.8.0_77-b03), built on Mar 20 2016 22:01:33 by "java_re" with MS VC++ 10.0 (VS2010)

time: Fri May 06 20:01:39 2016
elapsed time: 153 seconds (0d 0h 2m 33s)

